<?xml version="1.0" encoding="UTF-8"?>
<!-- Generated by org.testng.reporters.JUnitReportReporter -->
<testsuite skipped="1" hostname="DESKTOP-9B2JCSO" name="org.launch.TestNGSample" tests="4" failures="0" timestamp="10 Dec 2022 02:45:54 GMT" time="0.018" errors="0">
  <testcase name="tc1" time="0.004" classname="org.launch.TestNGSample"/>
  <testcase name="tc1" time="0.007" classname="org.launch.TestNGSample"/>
  <testcase name="tc1" time="0.007" classname="org.launch.TestNGSample"/>
  <testcase name="tc22" classname="org.launch.TestNGSample">
    <skipped/>
  </testcase> <!-- tc22 -->
</testsuite> <!-- org.launch.TestNGSample -->
